<?xml version="1.0" encoding="UTF-8"?>
<testng-results ignored="0" total="4" passed="4" failed="0" skipped="0">
  <reporter-output>
  </reporter-output>
  <suite started-at="2022-12-25T05:32:20 IST" name="All Test Suite" finished-at="2022-12-25T05:32:43 IST" duration-ms="23458">
    <groups>
    </groups>
    <test started-at="2022-12-25T05:32:20 IST" name="Order Placement" finished-at="2022-12-25T05:32:43 IST" duration-ms="23458">
      <class name="ecomm.SeleniumAutomation.Tests.OrderPlacement">
        <test-method is-config="true" signature="launchApplication()[pri:0, instance:ecomm.SeleniumAutomation.Tests.OrderPlacement@6574a52c]" started-at="2022-12-25T05:32:20 IST" name="launchApplication" finished-at="2022-12-25T05:32:23 IST" duration-ms="3089" status="PASS">
          <reporter-output>
          </reporter-output>
        </test-method> <!-- launchApplication -->
        <test-method signature="orderPlacement(java.util.HashMap)[pri:0, instance:ecomm.SeleniumAutomation.Tests.OrderPlacement@6574a52c]" started-at="2022-12-25T05:32:23 IST" name="orderPlacement" data-provider="getData" finished-at="2022-12-25T05:32:29 IST" duration-ms="6355" status="PASS">
          <params>
            <param index="0">
              <value>
                <![CDATA[{productTitle=ADIDAS ORIGINAL, password=test@123, email=vinuthatest27@gmail.com}]]>
              </value>
            </param>
          </params>
          <reporter-output>
          </reporter-output>
        </test-method> <!-- orderPlacement -->
        <test-method is-config="true" signature="closeBrowser()[pri:0, instance:ecomm.SeleniumAutomation.Tests.OrderPlacement@6574a52c]" started-at="2022-12-25T05:32:29 IST" name="closeBrowser" finished-at="2022-12-25T05:32:29 IST" duration-ms="57" status="PASS">
          <reporter-output>
          </reporter-output>
        </test-method> <!-- closeBrowser -->
        <test-method is-config="true" signature="launchApplication()[pri:0, instance:ecomm.SeleniumAutomation.Tests.OrderPlacement@6574a52c]" started-at="2022-12-25T05:32:29 IST" name="launchApplication" finished-at="2022-12-25T05:32:31 IST" duration-ms="2021" status="PASS">
          <reporter-output>
          </reporter-output>
        </test-method> <!-- launchApplication -->
        <test-method signature="orderPlacement(java.util.HashMap)[pri:0, instance:ecomm.SeleniumAutomation.Tests.OrderPlacement@6574a52c]" started-at="2022-12-25T05:32:31 IST" name="orderPlacement" data-provider="getData" finished-at="2022-12-25T05:32:38 IST" duration-ms="6292" status="PASS">
          <params>
            <param index="0">
              <value>
                <![CDATA[{productTitle=ZARA COAT 3, password=test@123, email=vinuthatest28@gmail.com}]]>
              </value>
            </param>
          </params>
          <reporter-output>
          </reporter-output>
        </test-method> <!-- orderPlacement -->
        <test-method is-config="true" signature="closeBrowser()[pri:0, instance:ecomm.SeleniumAutomation.Tests.OrderPlacement@6574a52c]" started-at="2022-12-25T05:32:38 IST" name="closeBrowser" finished-at="2022-12-25T05:32:38 IST" duration-ms="56" status="PASS">
          <reporter-output>
          </reporter-output>
        </test-method> <!-- closeBrowser -->
        <test-method is-config="true" signature="launchApplication()[pri:0, instance:ecomm.SeleniumAutomation.Tests.OrderPlacement@6574a52c]" started-at="2022-12-25T05:32:38 IST" name="launchApplication" finished-at="2022-12-25T05:32:40 IST" duration-ms="2106" status="PASS">
          <reporter-output>
          </reporter-output>
        </test-method> <!-- launchApplication -->
        <test-method signature="OrdersPageValidation(java.util.HashMap)[pri:0, instance:ecomm.SeleniumAutomation.Tests.OrderPlacement@6574a52c]" started-at="2022-12-25T05:32:40 IST" name="OrdersPageValidation" data-provider="getData" finished-at="2022-12-25T05:32:40 IST" depends-on-methods="ecomm.SeleniumAutomation.Tests.OrderPlacement.orderPlacement" duration-ms="558" status="PASS">
          <params>
            <param index="0">
              <value>
                <![CDATA[{productTitle=ADIDAS ORIGINAL, password=test@123, email=vinuthatest27@gmail.com}]]>
              </value>
            </param>
          </params>
          <reporter-output>
          </reporter-output>
        </test-method> <!-- OrdersPageValidation -->
        <test-method is-config="true" signature="closeBrowser()[pri:0, instance:ecomm.SeleniumAutomation.Tests.OrderPlacement@6574a52c]" started-at="2022-12-25T05:32:40 IST" name="closeBrowser" finished-at="2022-12-25T05:32:41 IST" duration-ms="55" status="PASS">
          <reporter-output>
          </reporter-output>
        </test-method> <!-- closeBrowser -->
        <test-method is-config="true" signature="launchApplication()[pri:0, instance:ecomm.SeleniumAutomation.Tests.OrderPlacement@6574a52c]" started-at="2022-12-25T05:32:41 IST" name="launchApplication" finished-at="2022-12-25T05:32:43 IST" duration-ms="2142" status="PASS">
          <reporter-output>
          </reporter-output>
        </test-method> <!-- launchApplication -->
        <test-method signature="OrdersPageValidation(java.util.HashMap)[pri:0, instance:ecomm.SeleniumAutomation.Tests.OrderPlacement@6574a52c]" started-at="2022-12-25T05:32:43 IST" name="OrdersPageValidation" data-provider="getData" finished-at="2022-12-25T05:32:43 IST" depends-on-methods="ecomm.SeleniumAutomation.Tests.OrderPlacement.orderPlacement" duration-ms="493" status="PASS">
          <params>
            <param index="0">
              <value>
                <![CDATA[{productTitle=ZARA COAT 3, password=test@123, email=vinuthatest28@gmail.com}]]>
              </value>
            </param>
          </params>
          <reporter-output>
          </reporter-output>
        </test-method> <!-- OrdersPageValidation -->
        <test-method is-config="true" signature="closeBrowser()[pri:0, instance:ecomm.SeleniumAutomation.Tests.OrderPlacement@6574a52c]" started-at="2022-12-25T05:32:43 IST" name="closeBrowser" finished-at="2022-12-25T05:32:43 IST" duration-ms="55" status="PASS">
          <reporter-output>
          </reporter-output>
        </test-method> <!-- closeBrowser -->
      </class> <!-- ecomm.SeleniumAutomation.Tests.OrderPlacement -->
    </test> <!-- Order Placement -->
  </suite> <!-- All Test Suite -->
</testng-results>
