<?xml version="1.0" encoding="UTF-8"?>
<testng-results ignored="0" total="1" passed="1" failed="0" skipped="0">
  <reporter-output>
  </reporter-output>
  <suite started-at="2022-12-24T16:54:04 IST" name="Default suite" finished-at="2022-12-24T16:54:09 IST" duration-ms="4504">
    <groups>
    </groups>
    <test started-at="2022-12-24T16:54:04 IST" name="Default test" finished-at="2022-12-24T16:54:09 IST" duration-ms="4504">
      <class name="ecomm.SeleniumAutomation.StandAloneTest">
        <test-method signature="orderPlacement()[pri:0, instance:ecomm.SeleniumAutomation.StandAloneTest@17497425]" started-at="2022-12-24T16:54:04 IST" name="orderPlacement" finished-at="2022-12-24T16:54:09 IST" duration-ms="4471" status="PASS">
          <reporter-output>
          </reporter-output>
        </test-method> <!-- orderPlacement -->
      </class> <!-- ecomm.SeleniumAutomation.StandAloneTest -->
    </test> <!-- Default test -->
  </suite> <!-- Default suite -->
</testng-results>
