<?xml version="1.0" encoding="UTF-8"?>
<!-- Generated by org.testng.reporters.JUnitXMLReporter -->
<testsuite ignored="0" hostname="Vinuthas-MacBook-Pro.local" failures="0" tests="4" name="Order Placement" time="23.458" errors="0" timestamp="2022-12-25T05:32:48 IST">
  <testcase classname="ecomm.SeleniumAutomation.Tests.OrderPlacement" name="orderPlacement" time="6.355"/>
  <testcase classname="ecomm.SeleniumAutomation.Tests.OrderPlacement" name="orderPlacement" time="6.292"/>
  <testcase classname="ecomm.SeleniumAutomation.Tests.OrderPlacement" name="OrdersPageValidation" time="0.558"/>
  <testcase classname="ecomm.SeleniumAutomation.Tests.OrderPlacement" name="OrdersPageValidation" time="0.493"/>
</testsuite> <!-- Order Placement -->
